<?xml version="1.0" encoding="UTF-8"?>
<testsuites name="jest tests" tests="4" failures="0" errors="0" time="3.445">
  <testsuite name="test paths" errors="0" failures="0" skipped="0" timestamp="2021-08-20T12:05:19" time="1.459" tests="1">
    <testcase classname="test paths Path home" name="test paths Path home" time="0.001">
    </testcase>
  </testsuite>
  <testsuite name="Test tile position" errors="0" failures="0" skipped="0" timestamp="2021-08-20T12:05:19" time="1.466" tests="2">
    <testcase classname="Test tile position Start" name="Test tile position Start" time="0.002">
    </testcase>
    <testcase classname="Test tile position End" name="Test tile position End" time="0.001">
    </testcase>
  </testsuite>
  <testsuite name="Login page" errors="0" failures="0" skipped="0" timestamp="2021-08-20T12:05:19" time="2.328" tests="1">
    <testcase classname="Login page Integration test" name="Login page Integration test" time="0.242">
    </testcase>
  </testsuite>
</testsuites>