<?xml version="1.0" encoding="UTF-8"?>
<testsuites name="jest tests" tests="3" failures="0" errors="0" time="2.373">
  <testsuite name="Test tile position" errors="0" failures="0" skipped="0" timestamp="2021-08-18T13:21:23" time="1.356" tests="2">
    <testcase classname="Test tile position Start" name="Test tile position Start" time="0.002">
    </testcase>
    <testcase classname="Test tile position End" name="Test tile position End" time="0.001">
    </testcase>
  </testsuite>
  <testsuite name="test paths" errors="0" failures="0" skipped="0" timestamp="2021-08-18T13:21:23" time="1.34" tests="1">
    <testcase classname="test paths Path home" name="test paths Path home" time="0.002">
    </testcase>
  </testsuite>
</testsuites>